<?xml version="1.0" encoding="UTF-8"?>
<!-- Generated by org.testng.reporters.JUnitReportReporter -->
<testsuite hostname="LAPTOP-U15VR7MA" failures="0" tests="1" name="samples.Testng_01.AppTest" time="0.073" errors="0" timestamp="2024-04-06T13:34:52 IST" skipped="0">
  <testcase classname="samples.Testng_01.AppTest" name="testApp" time="0.073"/>
  <system-out/>
</testsuite> <!-- samples.Testng_01.AppTest -->
